-------------------------------------------------------------------------------
Test set: com.in28minutes.rest.webservices.restfulwebservices.RestfulWebServicesApplicationTests
-------------------------------------------------------------------------------
Tests run: 1, Failures: 0, Errors: 1, Skipped: 0, Time elapsed: 0.177 s <<< FAILURE! - in com.in28minutes.rest.webservices.restfulwebservices.RestfulWebServicesApplicationTests
com.in28minutes.rest.webservices.restfulwebservices.RestfulWebServicesApplicationTests  Time elapsed: 0.177 s  <<< ERROR!
java.lang.IllegalStateException: Unable to find a @SpringBootConfiguration, you need to use @ContextConfiguration or @SpringBootTest(classes=...) with your test

